number,value,datetime_start,datetime_complete,duration,params_colsample_bytree,params_learning_rate,params_max_depth,params_min_child_samples,params_n_estimators,params_num_leaves,params_reg_alpha,params_reg_lambda,params_subsample,user_attrs_resolved_parameters,state
42,0.2963792043973991,2026-09-12 08:34:20.652141,2026-09-12 08:38:15.897511,0 days 00:03:55.245370,0.5473522578122736,0.04736315887675822,6,24,500,23,0.005984553658052967,14.19193867551626,0.71617656290815,"{'n_estimators': 500, 'learning_rate': 0.04736315887675822, 'max_depth': 6, 'colsample_bytree': 0.5473522578122736, 'subsample': 0.71617656290815, 'reg_alpha': 0.005984553658052967, 'reg_lambda': 14.19193867551626, 'num_leaves': 23, 'min_child_samples': 24, 'subsample_freq': 1}",COMPLETE
43,0.29152811671675233,2026-09-12 08:38:15.929382,2026-09-12 08:42:14.210426,0 days 00:03:58.281044,0.5463526663736719,0.04843469590093249,6,45,600,22,0.006604388752260609,13.08210543339148,0.7278857036628847,"{'n_estimators': 600, 'learning_rate': 0.04843469590093249, 'max_depth': 6, 'colsample_bytree': 0.5463526663736719, 'subsample': 0.7278857036628847, 'reg_alpha': 0.006604388752260609, 'reg_lambda': 13.08210543339148, 'num_leaves': 22, 'min_child_samples': 45, 'subsample_freq': 1}",COMPLETE
44,0.2941204205144944,2026-09-12 08:42:14.241667,2026-09-12 08:45:23.007600,0 days 00:03:08.765933,0.5442993260755623,0.06661123870048542,5,23,400,22,0.0060864412288852325,5.419957574567212,0.8306264305778442,"{'n_estimators': 400, 'learning_rate': 0.06661123870048542, 'max_depth': 5, 'colsample_bytree': 0.5442993260755623, 'subsample': 0.8306264305778442, 'reg_alpha': 0.0060864412288852325, 'reg_lambda': 5.419957574567212, 'num_leaves': 22, 'min_child_samples': 23, 'subsample_freq': 1}",COMPLETE
45,0.2949234816547539,2026-09-12 08:45:23.023220,2026-09-12 08:48:16.007496,0 days 00:02:52.984276,0.6161698607337536,0.045546969190543025,6,34,500,26,0.001261935054907792,15.697731202840064,0.7504576188043943,"{'n_estimators': 500, 'learning_rate': 0.045546969190543025, 'max_depth': 6, 'colsample_bytree': 0.6161698607337536, 'subsample': 0.7504576188043943, 'reg_alpha': 0.001261935054907792, 'reg_lambda': 15.697731202840064, 'num_leaves': 26, 'min_child_samples': 34, 'subsample_freq': 1}",COMPLETE
46,0.2895828016855242,2026-09-12 08:48:16.038740,2026-09-12 08:50:27.389943,0 days 00:02:11.351203,0.6503906227185153,0.04385233642921637,5,52,500,24,0.0012326652319430563,57.861330129974,0.7900225023595072,"{'n_estimators': 500, 'learning_rate': 0.04385233642921637, 'max_depth': 5, 'colsample_bytree': 0.6503906227185153, 'subsample': 0.7900225023595072, 'reg_alpha': 0.0012326652319430563, 'reg_lambda': 57.861330129974, 'num_leaves': 24, 'min_child_samples': 52, 'subsample_freq': 1}",COMPLETE
47,0.2861408007390418,2026-09-12 08:50:27.421212,2026-09-12 08:52:29.684222,0 days 00:02:02.263010,0.9985439360693054,0.038049067358856416,6,36,400,27,0.017749312851558504,0.016609222375277306,0.7531928591017666,"{'n_estimators': 400, 'learning_rate': 0.038049067358856416, 'max_depth': 6, 'colsample_bytree': 0.9985439360693054, 'subsample': 0.7531928591017666, 'reg_alpha': 0.017749312851558504, 'reg_lambda': 0.016609222375277306, 'num_leaves': 27, 'min_child_samples': 36, 'subsample_freq': 1}",COMPLETE
48,0.2857101434947156,2026-09-12 08:52:29.715465,2026-09-12 08:56:21.872510,0 days 00:03:52.157045,0.5233073458627393,0.0444105768898467,5,42,600,21,0.0004752864568084696,0.799259045359105,0.7173026830831688,"{'n_estimators': 600, 'learning_rate': 0.0444105768898467, 'max_depth': 5, 'colsample_bytree': 0.5233073458627393, 'subsample': 0.7173026830831688, 'reg_alpha': 0.0004752864568084696, 'reg_lambda': 0.799259045359105, 'num_leaves': 21, 'min_child_samples': 42, 'subsample_freq': 1}",COMPLETE
49,0.2831204614602253,2026-09-12 08:56:21.897638,2026-09-12 08:57:52.793202,0 days 00:01:30.895564,0.6763531509593109,0.06326361264857895,6,57,300,25,0.00992423401667569,0.13877635374731476,0.8208820206786352,"{'n_estimators': 300, 'learning_rate': 0.06326361264857895, 'max_depth': 6, 'colsample_bytree': 0.6763531509593109, 'subsample': 0.8208820206786352, 'reg_alpha': 0.00992423401667569, 'reg_lambda': 0.13877635374731476, 'num_leaves': 25, 'min_child_samples': 57, 'subsample_freq': 1}",COMPLETE
50,0.28348958322606455,2026-09-12 08:57:52.824445,2026-09-12 08:59:47.465522,0 days 00:01:54.641077,0.6331221256107917,0.02806737144245665,4,74,500,14,0.00091254434114423,3.194783805338839,0.7469021070697844,"{'n_estimators': 500, 'learning_rate': 0.02806737144245665, 'max_depth': 4, 'colsample_bytree': 0.6331221256107917, 'subsample': 0.7469021070697844, 'reg_alpha': 0.00091254434114423, 'reg_lambda': 3.194783805338839, 'num_leaves': 14, 'min_child_samples': 74, 'subsample_freq': 1}",COMPLETE
51,0.2922996541906888,2026-09-12 08:59:47.496764,2026-09-12 09:03:06.819577,0 days 00:03:19.322813,0.5985920452050794,0.07817123287101954,6,25,500,33,0.0033705900123441935,17.051179167754533,0.7042069696062999,"{'n_estimators': 500, 'learning_rate': 0.07817123287101954, 'max_depth': 6, 'colsample_bytree': 0.5985920452050794, 'subsample': 0.7042069696062999, 'reg_alpha': 0.0033705900123441935, 'reg_lambda': 17.051179167754533, 'num_leaves': 33, 'min_child_samples': 25, 'subsample_freq': 1}",COMPLETE
