number,value,datetime_start,datetime_complete,duration,params_colsample_bytree,params_learning_rate,params_max_depth,params_min_child_samples,params_n_estimators,params_num_leaves,params_reg_alpha,params_reg_lambda,params_subsample,user_attrs_resolved_parameters,state
0,0.24229083899240977,2026-09-12 07:03:06.820276,2026-09-12 07:04:37.132257,0 days 00:01:30.311981,0.7993292420985183,0.17254716573280354,7,94,300,112,1.2358382772306929e-05,0.0019517224641449498,0.6624074561769746,"{'n_estimators': 300, 'learning_rate': 0.17254716573280354, 'max_depth': 7, 'colsample_bytree': 0.7993292420985183, 'subsample': 0.6624074561769746, 'reg_alpha': 1.2358382772306929e-05, 'reg_lambda': 0.0019517224641449498, 'num_leaves': 112, 'min_child_samples': 94, 'subsample_freq': 1}",COMPLETE
1,0.28766302593325854,2026-09-12 07:04:37.147877,2026-09-12 07:07:37.659268,0 days 00:03:00.511391,0.9162213204002109,0.010636066512540286,8,83,600,44,1.8740223688836324e-05,0.008260808399079604,0.6849356442713105,"{'n_estimators': 600, 'learning_rate': 0.010636066512540286, 'max_depth': 8, 'colsample_bytree': 0.9162213204002109, 'subsample': 0.6849356442713105, 'reg_alpha': 1.8740223688836324e-05, 'reg_lambda': 0.008260808399079604, 'num_leaves': 44, 'min_child_samples': 83, 'subsample_freq': 1}",COMPLETE
2,0.2966074762247983,2026-09-12 07:07:37.690513,2026-09-12 07:10:25.543396,0 days 00:02:47.852883,0.569746930326021,0.023927528765580644,6,38,400,52,0.0003668874895499185,0.19069966103000435,0.7168578594140873,"{'n_estimators': 400, 'learning_rate': 0.023927528765580644, 'max_depth': 6, 'colsample_bytree': 0.569746930326021, 'subsample': 0.7168578594140873, 'reg_alpha': 0.0003668874895499185, 'reg_lambda': 0.19069966103000435, 'num_leaves': 52, 'min_child_samples': 38, 'subsample_freq': 1}",COMPLETE
3,0.26469064874429166,2026-09-12 07:10:25.559019,2026-09-12 07:11:43.261636,0 days 00:01:17.702617,0.8037724259507192,0.05898602410432694,3,146,500,8,2.8533901052402254e-06,55.51721685244721,0.6682096494749166,"{'n_estimators': 500, 'learning_rate': 0.05898602410432694, 'max_depth': 3, 'colsample_bytree': 0.8037724259507192, 'subsample': 0.6682096494749166, 'reg_alpha': 2.8533901052402254e-06, 'reg_lambda': 55.51721685244721, 'num_leaves': 8, 'min_child_samples': 146, 'subsample_freq': 1}",COMPLETE
4,0.2861944958086433,2026-09-12 07:11:43.293438,2026-09-12 07:13:58.872335,0 days 00:02:15.578897,0.8421165132560784,0.0249064396938244,3,14,700,8,7.149367864959197e-06,0.2991469302130217,0.7760609974958406,"{'n_estimators': 700, 'learning_rate': 0.0249064396938244, 'max_depth': 3, 'colsample_bytree': 0.8421165132560784, 'subsample': 0.7760609974958406, 'reg_alpha': 7.149367864959197e-06, 'reg_lambda': 0.2991469302130217, 'num_leaves': 8, 'min_child_samples': 14, 'subsample_freq': 1}",COMPLETE
5,0.2793622909157266,2026-09-12 07:13:58.887956,2026-09-12 07:17:09.483602,0 days 00:03:10.595646,0.6558555380447055,0.02171103454376615,6,119,800,63,0.006713854967599226,0.008399864445957504,0.8080272084711243,"{'n_estimators': 800, 'learning_rate': 0.02171103454376615, 'max_depth': 6, 'colsample_bytree': 0.6558555380447055, 'subsample': 0.8080272084711243, 'reg_alpha': 0.006713854967599226, 'reg_lambda': 0.008399864445957504, 'num_leaves': 63, 'min_child_samples': 119, 'subsample_freq': 1}",COMPLETE
6,0.21369665798791262,2026-09-12 07:17:09.499223,2026-09-12 07:20:19.858679,0 days 00:03:10.359456,0.9609371175115584,0.1459476894296684,6,64,800,26,2.354398849850489e-05,0.0016832027985721903,0.6353970008207678,"{'n_estimators': 800, 'learning_rate': 0.1459476894296684, 'max_depth': 6, 'colsample_bytree': 0.9609371175115584, 'subsample': 0.6353970008207678, 'reg_alpha': 2.354398849850489e-05, 'reg_lambda': 0.0016832027985721903, 'num_leaves': 26, 'min_child_samples': 64, 'subsample_freq': 1}",COMPLETE
7,0.2700755471562825,2026-09-12 07:20:19.874300,2026-09-12 07:21:33.231451,0 days 00:01:13.357151,0.6404672548436904,0.11973258472758717,5,149,300,9,9.693253593230328e-06,10.25616274847308,0.8170784332632994,"{'n_estimators': 300, 'learning_rate': 0.11973258472758717, 'max_depth': 5, 'colsample_bytree': 0.6404672548436904, 'subsample': 0.8170784332632994, 'reg_alpha': 9.693253593230328e-06, 'reg_lambda': 10.25616274847308, 'num_leaves': 9, 'min_child_samples': 149, 'subsample_freq': 1}",COMPLETE
8,0.2873169960079405,2026-09-12 07:21:33.247075,2026-09-12 07:23:44.761976,0 days 00:02:11.514901,0.9077307142274171,0.018135730867783396,3,20,700,8,0.12677983326928763,7.183758655813988,0.8827429375390468,"{'n_estimators': 700, 'learning_rate': 0.018135730867783396, 'max_depth': 3, 'colsample_bytree': 0.9077307142274171, 'subsample': 0.8827429375390468, 'reg_alpha': 0.12677983326928763, 'reg_lambda': 7.183758655813988, 'num_leaves': 8, 'min_child_samples': 20, 'subsample_freq': 1}",COMPLETE
9,0.28366972240649074,2026-09-12 07:23:44.777597,2026-09-12 07:25:15.513334,0 days 00:01:30.735737,0.811649063413779,0.014149761574941432,8,112,300,47,2.7855339243891033e-06,0.03588488911386258,0.7323592099410596,"{'n_estimators': 300, 'learning_rate': 0.014149761574941432, 'max_depth': 8, 'colsample_bytree': 0.811649063413779, 'subsample': 0.7323592099410596, 'reg_alpha': 2.7855339243891033e-06, 'reg_lambda': 0.03588488911386258, 'num_leaves': 47, 'min_child_samples': 112, 'subsample_freq': 1}",COMPLETE
10,0.2879487802013794,2026-09-12 07:25:15.528953,2026-09-12 07:26:20.539981,0 days 00:01:05.011028,0.5089809378074099,0.04128697297312281,5,49,100,17,0.0008610538551958593,0.5449280398972807,0.9542625333911193,"{'n_estimators': 100, 'learning_rate': 0.04128697297312281, 'max_depth': 5, 'colsample_bytree': 0.5089809378074099, 'subsample': 0.9542625333911193, 'reg_alpha': 0.0008610538551958593, 'reg_lambda': 0.5449280398972807, 'num_leaves': 17, 'min_child_samples': 49, 'subsample_freq': 1}",COMPLETE
11,0.287967346517909,2026-09-12 07:26:20.571210,2026-09-12 07:27:25.103894,0 days 00:01:04.532684,0.5121415817486149,0.03946322465370786,5,50,100,18,0.0006948446880854058,0.4998304244207707,0.95621601194762,"{'n_estimators': 100, 'learning_rate': 0.03946322465370786, 'max_depth': 5, 'colsample_bytree': 0.5121415817486149, 'subsample': 0.95621601194762, 'reg_alpha': 0.0006948446880854058, 'reg_lambda': 0.4998304244207707, 'num_leaves': 18, 'min_child_samples': 50, 'subsample_freq': 1}",COMPLETE
12,0.28250145038257923,2026-09-12 07:27:25.119513,2026-09-12 07:28:28.781124,0 days 00:01:03.661611,0.5036021061317779,0.0414387426578619,4,44,100,12,0.000719793697683644,0.47585274699338626,0.9978494133549762,"{'n_estimators': 100, 'learning_rate': 0.0414387426578619, 'max_depth': 4, 'colsample_bytree': 0.5036021061317779, 'subsample': 0.9978494133549762, 'reg_alpha': 0.000719793697683644, 'reg_lambda': 0.47585274699338626, 'num_leaves': 12, 'min_child_samples': 44, 'subsample_freq': 1}",COMPLETE
13,0.2824542809456125,2026-09-12 07:28:28.812366,2026-09-12 07:31:00.749258,0 days 00:02:31.936892,0.617181701467469,0.0703057891855127,7,41,400,91,0.013666414531077838,0.1609888547653283,0.8893412745683773,"{'n_estimators': 400, 'learning_rate': 0.0703057891855127, 'max_depth': 7, 'colsample_bytree': 0.617181701467469, 'subsample': 0.8893412745683773, 'reg_alpha': 0.013666414531077838, 'reg_lambda': 0.1609888547653283, 'num_leaves': 91, 'min_child_samples': 41, 'subsample_freq': 1}",COMPLETE
14,0.286638355051667,2026-09-12 07:31:00.780500,2026-09-12 07:32:24.402619,0 days 00:01:23.622119,0.5678920356095323,0.03262661627267338,5,64,200,19,2.0078132163277997,2.325253994777232,0.7356725767845347,"{'n_estimators': 200, 'learning_rate': 0.03262661627267338, 'max_depth': 5, 'colsample_bytree': 0.5678920356095323, 'subsample': 0.7356725767845347, 'reg_alpha': 2.0078132163277997, 'reg_lambda': 2.325253994777232, 'num_leaves': 19, 'min_child_samples': 64, 'subsample_freq': 1}",COMPLETE
15,0.27703968360874476,2026-09-12 07:32:24.418233,2026-09-12 07:34:12.733556,0 days 00:01:48.315323,0.6941353372836316,0.0726077367240438,4,34,500,11,0.00018188538854759453,0.08602585082507329,0.8601131257791208,"{'n_estimators': 500, 'learning_rate': 0.0726077367240438, 'max_depth': 4, 'colsample_bytree': 0.6941353372836316, 'subsample': 0.8601131257791208, 'reg_alpha': 0.00018188538854759453, 'reg_lambda': 0.08602585082507329, 'num_leaves': 11, 'min_child_samples': 34, 'subsample_freq': 1}",COMPLETE
16,0.28813972017493655,2026-09-12 07:34:12.764798,2026-09-12 07:35:39.855985,0 days 00:01:27.091187,0.571880289801942,0.029833337564778052,6,62,200,32,0.09809295531735072,1.9307521256198739,0.6051095227570793,"{'n_estimators': 200, 'learning_rate': 0.029833337564778052, 'max_depth': 6, 'colsample_bytree': 0.571880289801942, 'subsample': 0.6051095227570793, 'reg_alpha': 0.09809295531735072, 'reg_lambda': 1.9307521256198739, 'num_leaves': 32, 'min_child_samples': 62, 'subsample_freq': 1}",COMPLETE
17,0.28742187180391676,2026-09-12 07:35:39.871606,2026-09-12 07:37:28.668526,0 days 00:01:48.796920,0.7194180819017963,0.01735249078475428,7,67,400,39,0.08850767122282946,1.855872255177356,0.6026314861938433,"{'n_estimators': 400, 'learning_rate': 0.01735249078475428, 'max_depth': 7, 'colsample_bytree': 0.7194180819017963, 'subsample': 0.6026314861938433, 'reg_alpha': 0.08850767122282946, 'reg_lambda': 1.855872255177356, 'num_leaves': 39, 'min_child_samples': 67, 'subsample_freq': 1}",COMPLETE
18,0.2769621971254843,2026-09-12 07:37:28.686763,2026-09-12 07:39:12.182695,0 days 00:01:43.495932,0.5781396713111427,0.02861322203485036,6,28,200,29,3.2873587428839492,43.0739449224652,0.6027811897396225,"{'n_estimators': 200, 'learning_rate': 0.02861322203485036, 'max_depth': 6, 'colsample_bytree': 0.5781396713111427, 'subsample': 0.6027811897396225, 'reg_alpha': 3.2873587428839492, 'reg_lambda': 43.0739449224652, 'num_leaves': 29, 'min_child_samples': 28, 'subsample_freq': 1}",COMPLETE
19,0.27795102973400787,2026-09-12 07:39:12.198316,2026-09-12 07:40:38.809268,0 days 00:01:26.610952,0.57517865726262,0.01037397785714494,7,84,200,65,0.07500993021352435,0.033850267444771716,0.7134421271670273,"{'n_estimators': 200, 'learning_rate': 0.01037397785714494, 'max_depth': 7, 'colsample_bytree': 0.57517865726262, 'subsample': 0.7134421271670273, 'reg_alpha': 0.07500993021352435, 'reg_lambda': 0.033850267444771716, 'num_leaves': 65, 'min_child_samples': 84, 'subsample_freq': 1}",COMPLETE
20,0.2749584335298741,2026-09-12 07:40:38.824890,2026-09-12 07:42:25.179336,0 days 00:01:46.354446,0.7347524676708057,0.10039417329777692,6,58,400,31,0.4827196154394883,2.2960132097003627,0.7616675016944651,"{'n_estimators': 400, 'learning_rate': 0.10039417329777692, 'max_depth': 6, 'colsample_bytree': 0.7347524676708057, 'subsample': 0.7616675016944651, 'reg_alpha': 0.4827196154394883, 'reg_lambda': 2.2960132097003627, 'num_leaves': 31, 'min_child_samples': 58, 'subsample_freq': 1}",COMPLETE
21,0.27977752083160445,2026-09-12 07:42:25.210579,2026-09-12 07:43:25.960922,0 days 00:01:00.750343,0.535573938740729,0.03377753831238888,4,51,100,13,0.00014683840463404542,1.1493550676164555,0.9355946951564761,"{'n_estimators': 100, 'learning_rate': 0.03377753831238888, 'max_depth': 4, 'colsample_bytree': 0.535573938740729, 'subsample': 0.9355946951564761, 'reg_alpha': 0.00014683840463404542, 'reg_lambda': 1.1493550676164555, 'num_leaves': 13, 'min_child_samples': 51, 'subsample_freq': 1}",COMPLETE
22,0.2924847171675095,2026-09-12 07:43:25.992165,2026-09-12 07:45:02.085687,0 days 00:01:36.093522,0.5901915330433887,0.053063138814453494,5,28,200,16,0.0015836697017358094,6.916227184771927,0.7006881715289316,"{'n_estimators': 200, 'learning_rate': 0.053063138814453494, 'max_depth': 5, 'colsample_bytree': 0.5901915330433887, 'subsample': 0.7006881715289316, 'reg_alpha': 0.0015836697017358094, 'reg_lambda': 6.916227184771927, 'num_leaves': 16, 'min_child_samples': 28, 'subsample_freq': 1}",COMPLETE
23,0.29279316136158073,2026-09-12 07:45:02.116929,2026-09-12 07:46:36.277839,0 days 00:01:34.160910,0.612017825368806,0.05581294277925541,6,29,200,51,0.023979237155173458,11.615172401121503,0.6902040620690617,"{'n_estimators': 200, 'learning_rate': 0.05581294277925541, 'max_depth': 6, 'colsample_bytree': 0.612017825368806, 'subsample': 0.6902040620690617, 'reg_alpha': 0.023979237155173458, 'reg_lambda': 11.615172401121503, 'num_leaves': 51, 'min_child_samples': 29, 'subsample_freq': 1}",COMPLETE
24,0.2942299918334056,2026-09-12 07:46:36.355949,2026-09-12 07:48:12.418456,0 days 00:01:36.062507,0.6722701146884075,0.05339956889542612,5,25,300,15,0.003035656648807747,11.318049658196426,0.6990579676932257,"{'n_estimators': 300, 'learning_rate': 0.05339956889542612, 'max_depth': 5, 'colsample_bytree': 0.6722701146884075, 'subsample': 0.6990579676932257, 'reg_alpha': 0.003035656648807747, 'reg_lambda': 11.318049658196426, 'num_leaves': 15, 'min_child_samples': 25, 'subsample_freq': 1}",COMPLETE
25,0.290626861306924,2026-09-12 07:48:12.434077,2026-09-12 07:49:49.976477,0 days 00:01:37.542400,0.675639310110157,0.08287185247464234,4,10,300,10,0.026689552252842152,23.44906039657685,0.7577708802929949,"{'n_estimators': 300, 'learning_rate': 0.08287185247464234, 'max_depth': 4, 'colsample_bytree': 0.675639310110157, 'subsample': 0.7577708802929949, 'reg_alpha': 0.026689552252842152, 'reg_lambda': 23.44906039657685, 'num_leaves': 10, 'min_child_samples': 10, 'subsample_freq': 1}",COMPLETE
26,0.29488060268531346,2026-09-12 07:49:49.992098,2026-09-12 07:53:07.496960,0 days 00:03:17.504862,0.6106649770669516,0.05070735453992271,6,22,500,52,0.0032335918175524976,14.106236707483859,0.6474364868551516,"{'n_estimators': 500, 'learning_rate': 0.05070735453992271, 'max_depth': 6, 'colsample_bytree': 0.6106649770669516, 'subsample': 0.6474364868551516, 'reg_alpha': 0.0032335918175524976, 'reg_lambda': 14.106236707483859, 'num_leaves': 52, 'min_child_samples': 22, 'subsample_freq': 1}",COMPLETE
27,0.2957436576522122,2026-09-12 07:53:07.512581,2026-09-12 07:55:58.054400,0 days 00:02:50.541819,0.7668078168882347,0.022586238314413205,7,19,500,87,0.00017480757850498466,28.117712189882845,0.6471514065738141,"{'n_estimators': 500, 'learning_rate': 0.022586238314413205, 'max_depth': 7, 'colsample_bytree': 0.7668078168882347, 'subsample': 0.6471514065738141, 'reg_alpha': 0.00017480757850498466, 'reg_lambda': 28.117712189882845, 'num_leaves': 87, 'min_child_samples': 19, 'subsample_freq': 1}",COMPLETE
28,0.28682416541396344,2026-09-12 07:55:58.085641,2026-09-12 07:58:39.481045,0 days 00:02:41.395404,0.7646009332953676,0.022415316772566536,7,37,600,80,0.00010377547819216004,94.5958143479441,0.6421496775320494,"{'n_estimators': 600, 'learning_rate': 0.022415316772566536, 'max_depth': 7, 'colsample_bytree': 0.7646009332953676, 'subsample': 0.6421496775320494, 'reg_alpha': 0.00010377547819216004, 'reg_lambda': 94.5958143479441, 'num_leaves': 80, 'min_child_samples': 37, 'subsample_freq': 1}",COMPLETE
29,0.2945473980642302,2026-09-12 07:58:39.513273,2026-09-12 08:01:42.210662,0 days 00:03:02.697389,0.8605800631218654,0.015356378842553893,8,17,500,114,4.8607565765459415e-05,25.442117966928702,0.646823412967179,"{'n_estimators': 500, 'learning_rate': 0.015356378842553893, 'max_depth': 8, 'colsample_bytree': 0.8605800631218654, 'subsample': 0.646823412967179, 'reg_alpha': 4.8607565765459415e-05, 'reg_lambda': 25.442117966928702, 'num_leaves': 114, 'min_child_samples': 17, 'subsample_freq': 1}",COMPLETE
30,0.28068894835474373,2026-09-12 08:01:42.226284,2026-09-12 08:04:04.261749,0 days 00:02:22.035465,0.7070902567389712,0.02606396435426793,7,103,600,99,0.00026991548402667667,4.404197461177926,0.6676644694288835,"{'n_estimators': 600, 'learning_rate': 0.02606396435426793, 'max_depth': 7, 'colsample_bytree': 0.7070902567389712, 'subsample': 0.6676644694288835, 'reg_alpha': 0.00026991548402667667, 'reg_lambda': 4.404197461177926, 'num_leaves': 99, 'min_child_samples': 103, 'subsample_freq': 1}",COMPLETE
31,0.2937773756174432,2026-09-12 08:04:04.277947,2026-09-12 08:07:05.261735,0 days 00:03:00.983788,0.8459152592410443,0.014994837462400188,8,17,500,123,4.9024073620331535e-05,28.49717949488777,0.6381492848069342,"{'n_estimators': 500, 'learning_rate': 0.014994837462400188, 'max_depth': 8, 'colsample_bytree': 0.8459152592410443, 'subsample': 0.6381492848069342, 'reg_alpha': 4.9024073620331535e-05, 'reg_lambda': 28.49717949488777, 'num_leaves': 123, 'min_child_samples': 17, 'subsample_freq': 1}",COMPLETE
32,0.28307276887002286,2026-09-12 08:07:05.280673,2026-09-12 08:10:13.607318,0 days 00:03:08.326645,0.768034084645473,0.01250751478491514,8,10,500,109,3.4176718674145415e-05,98.0253936972668,0.6490008527087132,"{'n_estimators': 500, 'learning_rate': 0.01250751478491514, 'max_depth': 8, 'colsample_bytree': 0.768034084645473, 'subsample': 0.6490008527087132, 'reg_alpha': 3.4176718674145415e-05, 'reg_lambda': 98.0253936972668, 'num_leaves': 109, 'min_child_samples': 10, 'subsample_freq': 1}",COMPLETE
33,0.29311524389111376,2026-09-12 08:10:13.638561,2026-09-12 08:12:44.133517,0 days 00:02:30.494956,0.8982780235805987,0.01739893335923737,8,19,400,79,0.0004561056985795325,27.937648317832725,0.6698225273831729,"{'n_estimators': 400, 'learning_rate': 0.01739893335923737, 'max_depth': 8, 'colsample_bytree': 0.8982780235805987, 'subsample': 0.6698225273831729, 'reg_alpha': 0.0004561056985795325, 'reg_lambda': 27.937648317832725, 'num_leaves': 79, 'min_child_samples': 19, 'subsample_freq': 1}",COMPLETE
34,0.27393319560943985,2026-09-12 08:12:44.164759,2026-09-12 08:15:27.449614,0 days 00:02:43.284855,0.8662527698876714,0.19598973416398954,7,38,600,56,6.79944779478583e-05,24.003139867390605,0.6303055527446678,"{'n_estimators': 600, 'learning_rate': 0.19598973416398954, 'max_depth': 7, 'colsample_bytree': 0.8662527698876714, 'subsample': 0.6303055527446678, 'reg_alpha': 6.79944779478583e-05, 'reg_lambda': 24.003139867390605, 'num_leaves': 56, 'min_child_samples': 38, 'subsample_freq': 1}",COMPLETE
35,0.29289049581223997,2026-09-12 08:15:27.480855,2026-09-12 08:18:52.946249,0 days 00:03:25.465394,0.9713386595732587,0.01934750057402121,8,22,500,72,0.003440894505672516,0.005112997225913657,0.6654330725941581,"{'n_estimators': 500, 'learning_rate': 0.01934750057402121, 'max_depth': 8, 'colsample_bytree': 0.9713386595732587, 'subsample': 0.6654330725941581, 'reg_alpha': 0.003440894505672516, 'reg_lambda': 0.005112997225913657, 'num_leaves': 72, 'min_child_samples': 22, 'subsample_freq': 1}",COMPLETE
36,0.28226194333148563,2026-09-12 08:18:52.961873,2026-09-12 08:21:15.434072,0 days 00:02:22.472199,0.7926769348719419,0.012307046288497612,7,134,600,127,5.301222513457216e-06,0.08759150206765584,0.7328391563553521,"{'n_estimators': 600, 'learning_rate': 0.012307046288497612, 'max_depth': 7, 'colsample_bytree': 0.7926769348719419, 'subsample': 0.7328391563553521, 'reg_alpha': 5.301222513457216e-06, 'reg_lambda': 0.08759150206765584, 'num_leaves': 127, 'min_child_samples': 134, 'subsample_freq': 1}",COMPLETE
37,0.2909585742170367,2026-09-12 08:21:15.449692,2026-09-12 08:24:15.929711,0 days 00:03:00.480019,0.941411479197218,0.019864576080452258,6,32,700,38,2.1054327369058848e-05,3.664211296372601,0.6236408548130778,"{'n_estimators': 700, 'learning_rate': 0.019864576080452258, 'max_depth': 6, 'colsample_bytree': 0.941411479197218, 'subsample': 0.6236408548130778, 'reg_alpha': 2.1054327369058848e-05, 'reg_lambda': 3.664211296372601, 'num_leaves': 38, 'min_child_samples': 32, 'subsample_freq': 1}",COMPLETE
38,0.2929406971419178,2026-09-12 08:24:15.960954,2026-09-12 08:26:40.023426,0 days 00:02:24.062472,0.8279690396593405,0.024537183190503745,7,17,400,58,0.0020543074983389352,50.69443296284316,0.6817354886040999,"{'n_estimators': 400, 'learning_rate': 0.024537183190503745, 'max_depth': 7, 'colsample_bytree': 0.8279690396593405, 'subsample': 0.6817354886040999, 'reg_alpha': 0.0020543074983389352, 'reg_lambda': 50.69443296284316, 'num_leaves': 58, 'min_child_samples': 17, 'subsample_freq': 1}",COMPLETE
39,0.2866347136918067,2026-09-12 08:26:40.039047,2026-09-12 08:28:53.340387,0 days 00:02:13.301340,0.8680785194058825,0.01490087241364657,8,89,500,114,0.00023038146821664733,0.9286981919733678,0.650918569496202,"{'n_estimators': 500, 'learning_rate': 0.01490087241364657, 'max_depth': 8, 'colsample_bytree': 0.8680785194058825, 'subsample': 0.650918569496202, 'reg_alpha': 0.00023038146821664733, 'reg_lambda': 0.9286981919733678, 'num_leaves': 114, 'min_child_samples': 89, 'subsample_freq': 1}",COMPLETE
40,0.2772108004220301,2026-09-12 08:28:53.371629,2026-09-12 08:32:02.824718,0 days 00:03:09.453089,0.6345898540734003,0.036319988886053506,6,74,700,43,1.5365708431709457e-06,0.2242711080376824,0.7801140043740824,"{'n_estimators': 700, 'learning_rate': 0.036319988886053506, 'max_depth': 6, 'colsample_bytree': 0.6345898540734003, 'subsample': 0.7801140043740824, 'reg_alpha': 1.5365708431709457e-06, 'reg_lambda': 0.2242711080376824, 'num_leaves': 43, 'min_child_samples': 74, 'subsample_freq': 1}",COMPLETE
41,0.294926717724635,2026-09-12 08:32:02.855961,2026-09-12 08:34:20.630743,0 days 00:02:17.774782,0.6680749622939359,0.048736915789762934,5,25,500,22,0.004260209740517263,13.151614862076958,0.7103897503062812,"{'n_estimators': 500, 'learning_rate': 0.048736915789762934, 'max_depth': 5, 'colsample_bytree': 0.6680749622939359, 'subsample': 0.7103897503062812, 'reg_alpha': 0.004260209740517263, 'reg_lambda': 13.151614862076958, 'num_leaves': 22, 'min_child_samples': 25, 'subsample_freq': 1}",COMPLETE
