number,value,datetime_start,datetime_complete,duration,params_colsample_bytree,params_learning_rate,params_max_depth,params_min_child_samples,params_n_estimators,params_num_leaves,params_reg_alpha,params_reg_lambda,params_subsample,user_attrs_resolved_parameters,state
42,0.26609710070447706,2026-09-12 06:52:20.331574,2026-09-12 06:55:34.512122,0 days 00:03:14.180548,0.7206150189592515,0.013369220463973873,8,38,800,126,0.18011366364595013,3.647769876929506,0.6458604864457298,"{'n_estimators': 800, 'learning_rate': 0.013369220463973873, 'max_depth': 8, 'colsample_bytree': 0.7206150189592515, 'subsample': 0.6458604864457298, 'reg_alpha': 0.18011366364595013, 'reg_lambda': 3.647769876929506, 'num_leaves': 126, 'min_child_samples': 38, 'subsample_freq': 1}",COMPLETE
43,,2026-09-12 06:55:34.527744,2026-09-12 06:57:53.356468,0 days 00:02:18.828724,0.7522945857831609,0.015864115312437622,8,16,700,114,0.018039921591263126,11.903327242218666,0.6736532422540802,,FAIL
